<?xml version="1.0" encoding="UTF-8"?>
<!-- Generated by org.testng.reporters.JUnitReportReporter -->
<testsuite skipped="0" hostname="LVN0AOLL" name="com.opensource.admin.qa.TC001_Admin_SearchEmployee" tests="1" failures="0" timestamp="2021-02-13T11:17:56 CST" time="20.619" errors="0">
  <testcase name="TC001_Admin_SearchEmployee_tc" time="20.619" classname="com.opensource.admin.qa.TC001_Admin_SearchEmployee"/>
  <system-out>
Open Browser "OrangeHRM" web page Enter Username and Password  </system-out>
</testsuite> <!-- com.opensource.admin.qa.TC001_Admin_SearchEmployee -->
